# JRE version: Java(TM) SE Runtime Environment (15.0.2+7) (build 15.0.2+7-27)
# Java VM: Java HotSpot(TM) 64-Bit Server VM (15.0.2+7-27, mixed mode, sharing, tiered, compressed oops, g1 gc, windows-amd64)
GC Precious Log:
 CPUs: 4 total, 4 available
 Memory: 7645M
 Large Page Support: Disabled
 NUMA Support: Disabled
 Compressed Oops: Enabled (32-bit)
 Heap Region Size: 1M
 Heap Min Capacity: 8M
 Heap Initial Capacity: 120M
 Heap Max Capacity: 1912M
 Pre-touch: Disabled
 Parallel Workers: 4
 Concurrent Workers: 1
 Concurrent Refinement Workers: 4
 Periodic GC: Disabled
Heap:
 garbage-first heap   total 342016K, used 203226K [0x0000000088800000, 0x0000000100000000)
  region size 1024K, 47 young (48128K), 9 survivors (9216K)
 Metaspace       used 13111K, capacity 13384K, committed 13696K, reserved 1060864K
  class space    used 1512K, capacity 1603K, committed 1664K, reserved 1048576K
GC Heap History (20 events):
Event: 13.364 GC heap before
{Heap before GC invocations=5 (full 0):
 garbage-first heap   total 122880K, used 76288K [0x0000000088800000, 0x0000000100000000)
  region size 1024K, 27 young (27648K), 3 survivors (3072K)
 Metaspace       used 13111K, capacity 13384K, committed 13696K, reserved 1060864K
  class space    used 1512K, capacity 1603K, committed 1664K, reserved 1048576K
}
Event: 13.386 GC heap after
{Heap after GC invocations=6 (full 0):
 garbage-first heap   total 182272K, used 61237K [0x0000000088800000, 0x0000000100000000)
  region size 1024K, 4 young (4096K), 4 survivors (4096K)
 Metaspace       used 13111K, capacity 13384K, committed 13696K, reserved 1060864K
  class space    used 1512K, capacity 1603K, committed 1664K, reserved 1048576K
}
Event: 14.894 GC heap before
{Heap before GC invocations=6 (full 0):
 garbage-first heap   total 182272K, used 104245K [0x0000000088800000, 0x0000000100000000)
  region size 1024K, 46 young (47104K), 4 survivors (4096K)
 Metaspace       used 13111K, capacity 13384K, committed 13696K, reserved 1060864K
  class space    used 1512K, capacity 1603K, committed 1664K, reserved 1048576K
}
Event: 14.941 GC heap after
{Heap after GC invocations=7 (full 0):
 garbage-first heap   total 182272K, used 75776K [0x0000000088800000, 0x0000000100000000)
  region size 1024K, 6 young (6144K), 6 survivors (6144K)
 Metaspace       used 13111K, capacity 13384K, committed 13696K, reserved 1060864K
  class space    used 1512K, capacity 1603K, committed 1664K, reserved 1048576K
}
Event: 16.208 GC heap before
{Heap before GC invocations=7 (full 0):
 garbage-first heap   total 182272K, used 119808K [0x0000000088800000, 0x0000000100000000)
  region size 1024K, 49 young (50176K), 6 survivors (6144K)
 Metaspace       used 13111K, capacity 13384K, committed 13696K, reserved 1060864K
  class space    used 1512K, capacity 1603K, committed 1664K, reserved 1048576K
}
Event: 16.248 GC heap after
{Heap after GC invocations=8 (full 0):
 garbage-first heap   total 182272K, used 89600K [0x0000000088800000, 0x0000000100000000)
  region size 1024K, 7 young (7168K), 7 survivors (7168K)
 Metaspace       used 13111K, capacity 13384K, committed 13696K, reserved 1060864K
  class space    used 1512K, capacity 1603K, committed 1664K, reserved 1048576K
}
Event: 17.313 GC heap before
{Heap before GC invocations=8 (full 0):
 garbage-first heap   total 182272K, used 128512K [0x0000000088800000, 0x0000000100000000)
  region size 1024K, 45 young (46080K), 7 survivors (7168K)
 Metaspace       used 13111K, capacity 13384K, committed 13696K, reserved 1060864K
  class space    used 1512K, capacity 1603K, committed 1664K, reserved 1048576K
}
Event: 17.340 GC heap after
{Heap after GC invocations=9 (full 0):
 garbage-first heap   total 182272K, used 101376K [0x0000000088800000, 0x0000000100000000)
  region size 1024K, 6 young (6144K), 6 survivors (6144K)
 Metaspace       used 13111K, capacity 13384K, committed 13696K, reserved 1060864K
  class space    used 1512K, capacity 1603K, committed 1664K, reserved 1048576K
}
Event: 18.061 GC heap before
{Heap before GC invocations=10 (full 0):
 garbage-first heap   total 193536K, used 135168K [0x0000000088800000, 0x0000000100000000)
  region size 1024K, 39 young (39936K), 6 survivors (6144K)
 Metaspace       used 13111K, capacity 13384K, committed 13696K, reserved 1060864K
  class space    used 1512K, capacity 1603K, committed 1664K, reserved 1048576K
}
Event: 18.097 GC heap after
{Heap after GC invocations=11 (full 0):
 garbage-first heap   total 193536K, used 111104K [0x0000000088800000, 0x0000000100000000)
  region size 1024K, 5 young (5120K), 5 survivors (5120K)
 Metaspace       used 13111K, capacity 13384K, committed 13696K, reserved 1060864K
  class space    used 1512K, capacity 1603K, committed 1664K, reserved 1048576K
}
Event: 18.895 GC heap before
{Heap before GC invocations=11 (full 0):
 garbage-first heap   total 193536K, used 145920K [0x0000000088800000, 0x0000000100000000)
  region size 1024K, 39 young (39936K), 5 survivors (5120K)
 Metaspace       used 13111K, capacity 13384K, committed 13696K, reserved 1060864K
  class space    used 1512K, capacity 1603K, committed 1664K, reserved 1048576K
}
Event: 18.925 GC heap after
{Heap after GC invocations=12 (full 0):
 garbage-first heap   total 232448K, used 120315K [0x0000000088800000, 0x0000000100000000)
  region size 1024K, 5 young (5120K), 5 survivors (5120K)
 Metaspace       used 13111K, capacity 13384K, committed 13696K, reserved 1060864K
  class space    used 1512K, capacity 1603K, committed 1664K, reserved 1048576K
}
Event: 19.913 GC heap before
{Heap before GC invocations=13 (full 0):
 garbage-first heap   total 234496K, used 170491K [0x0000000088800000, 0x0000000100000000)
  region size 1024K, 54 young (55296K), 5 survivors (5120K)
 Metaspace       used 13111K, capacity 13384K, committed 13696K, reserved 1060864K
  class space    used 1512K, capacity 1603K, committed 1664K, reserved 1048576K
}
Event: 19.947 GC heap after
{Heap after GC invocations=14 (full 0):
 garbage-first heap   total 234496K, used 132536K [0x0000000088800000, 0x0000000100000000)
  region size 1024K, 7 young (7168K), 7 survivors (7168K)
 Metaspace       used 13111K, capacity 13384K, committed 13696K, reserved 1060864K
  class space    used 1512K, capacity 1603K, committed 1664K, reserved 1048576K
}
Event: 20.719 GC heap before
{Heap before GC invocations=14 (full 0):
 garbage-first heap   total 234496K, used 178616K [0x0000000088800000, 0x0000000100000000)
  region size 1024K, 52 young (53248K), 7 survivors (7168K)
 Metaspace       used 13111K, capacity 13384K, committed 13696K, reserved 1060864K
  class space    used 1512K, capacity 1603K, committed 1664K, reserved 1048576K
}
Event: 20.742 GC heap after
{Heap after GC invocations=15 (full 0):
 garbage-first heap   total 234496K, used 143255K [0x0000000088800000, 0x0000000100000000)
  region size 1024K, 7 young (7168K), 7 survivors (7168K)
 Metaspace       used 13111K, capacity 13384K, committed 13696K, reserved 1060864K
  class space    used 1512K, capacity 1603K, committed 1664K, reserved 1048576K
}
Event: 21.494 GC heap before
{Heap before GC invocations=16 (full 0):
 garbage-first heap   total 285696K, used 184215K [0x0000000088800000, 0x0000000100000000)
  region size 1024K, 47 young (48128K), 7 survivors (7168K)
 Metaspace       used 13111K, capacity 13384K, committed 13696K, reserved 1060864K
  class space    used 1512K, capacity 1603K, committed 1664K, reserved 1048576K
}
Event: 21.532 GC heap after
{Heap after GC invocations=17 (full 0):
 garbage-first heap   total 285696K, used 152034K [0x0000000088800000, 0x0000000100000000)
  region size 1024K, 6 young (6144K), 6 survivors (6144K)
 Metaspace       used 13111K, capacity 13384K, committed 13696K, reserved 1060864K
  class space    used 1512K, capacity 1603K, committed 1664K, reserved 1048576K
}
Event: 22.724 GC heap before
{Heap before GC invocations=17 (full 0):
 garbage-first heap   total 285696K, used 216546K [0x0000000088800000, 0x0000000100000000)
  region size 1024K, 69 young (70656K), 6 survivors (6144K)
 Metaspace       used 13111K, capacity 13384K, committed 13696K, reserved 1060864K
  class space    used 1512K, capacity 1603K, committed 1664K, reserved 1048576K
}
Event: 22.761 GC heap after
{Heap after GC invocations=18 (full 0):
 garbage-first heap   total 285696K, used 165338K [0x0000000088800000, 0x0000000100000000)
  region size 1024K, 9 young (9216K), 9 survivors (9216K)
 Metaspace       used 13111K, capacity 13384K, committed 13696K, reserved 1060864K
  class space    used 1512K, capacity 1603K, committed 1664K, reserved 1048576K
}

